<?xml version="1.0" encoding="UTF-8"?>
<!-- Generated by org.testng.reporters.JUnitReportReporter -->
<testsuite skipped="0" hostname="Abdou-PC" name="sentEmail.SentEmailTest" tests="1" failures="0" timestamp="27 Dec 2020 14:03:55 GMT" time="9.275" errors="0">
  <testcase name="testSentEmail" time="9.275" classname="sentEmail.SentEmailTest"/>
</testsuite> <!-- sentEmail.SentEmailTest -->
