<?xml version="1.0" encoding="UTF-8"?>
<!-- Generated by org.testng.reporters.JUnitReportReporter -->
<testsuite skipped="0" hostname="Abdou-PC" name="geolocation.GeolocationTest" tests="1" failures="0" timestamp="27 Dec 2020 14:03:55 GMT" time="13.160" errors="0">
  <testcase name="testGeolocation" time="13.160" classname="geolocation.GeolocationTest"/>
</testsuite> <!-- geolocation.GeolocationTest -->
