<?xml version="1.0" encoding="UTF-8"?>
<!-- Generated by org.testng.reporters.JUnitReportReporter -->
<testsuite skipped="0" hostname="Abdou-PC" name="alert.AlertTest" tests="3" failures="0" timestamp="27 Dec 2020 14:03:55 GMT" time="34.638" errors="0">
  <testcase name="testSetInputInAlert" time="11.153" classname="alert.AlertTest"/>
  <testcase name="testAcceptAlert" time="15.025" classname="alert.AlertTest"/>
  <testcase name="testGetTextFromAlert" time="8.460" classname="alert.AlertTest"/>
</testsuite> <!-- alert.AlertTest -->
