<?xml version="1.0" encoding="UTF-8"?>
<!-- Generated by org.testng.reporters.JUnitReportReporter -->
<testsuite skipped="0" hostname="Abdou-PC" name="wait.Example2LoadingTest" tests="1" failures="0" timestamp="27 Dec 2020 14:03:55 GMT" time="13.905" errors="0">
  <testcase name="testWaitExmaple2" time="13.905" classname="wait.Example2LoadingTest"/>
</testsuite> <!-- wait.Example2LoadingTest -->
